2017-12-10 21:41:43.719 [INFO] : [TestNG-method=runTestCase-1] Creating driver http://qloud:4444/wd/hub Capabilities [{proxy=Proxy(manual, ftp=wchwe21.qvc.com:80, http=wchwe21.qvc.com:80, ssl=wchwe21.qvc.com:80), honorSystemProxy=true, browserName=chrome, version=, platform=LINUX}]
2017-12-10 21:41:44.734 [INFO] : [TestNG-method=runTestCase-1] Go to URL qa.qvc.com
 Test module "GotoUrl"
2017-12-10 21:41:44.734 [INFO] : [TestNG-method=runTestCase-1] Nav to QVC
 Running action GoToUrl with data {url=http://qa.qvcuk.com}
2017-12-10 21:41:47.780 [INFO] : [TestNG-method=runTestCase-1] If have popup window
 Running action CheckForElements on cookiesBarCloseBtn [{xpath=//*[@id="alert-cookie-info-bar"]//button[@class="close"]}] with data {wait=2}
2017-12-10 21:41:47.934 [INFO] : [TestNG-method=runTestCase-1] Close it
 Running action Click on cookiesBarCloseBtn [{xpath=//*[@id="alert-cookie-info-bar"]//button[@class="close"]}]
2017-12-10 21:41:48.149 [INFO] : [TestNG-method=runTestCase-1] Wait util the object show up to make sure we switch to correct page
 Running action WaitUntilObjectExist on divHomepage [{id=pageContent}, {xpath=//*[@id='pageContent']}]
2017-12-10 21:41:48.920 [INFO] : [TestNG-method=runTestCase-1] Function Elapsed Time 0 min, 4 sec
2017-12-10 21:41:48.935 [INFO] : [TestNG-method=runTestCase-1] Search regular Product
 Test module "ByProductNum"
2017-12-10 21:41:48.935 [INFO] : [TestNG-method=runTestCase-1] Wait until the search bar display
 Running action WaitUntilObjectExist on searchBox [{id=searchBoxField}, {id=txtMastheadSearch}] with data {wait=4}
2017-12-10 21:41:53.919 [INFO] : [TestNG-method=runTestCase-1] Enter item number
 Running action SendKeys on searchBox [{id=searchBoxField}, {id=txtMastheadSearch}] with data {text=200299}
2017-12-10 21:41:54.634 [INFO] : [TestNG-method=runTestCase-1] Click "Search" button
 Running action Click on goBtn [{id=btnMastheadSearch}]
2017-12-10 21:41:57.982 [INFO] : [TestNG-method=runTestCase-1] Close the cookies bar
 Running action CheckForElements on cookiesBarCloseBtn [{xpath=//*[@id="alert-cookie-info-bar"]//button[@class="close"]}]
2017-12-10 21:42:03.502 [INFO] : [TestNG-method=runTestCase-1] Function Elapsed Time 0 min, 14 sec
2017-12-10 21:42:03.581 [INFO] : [TestNG-method=runTestCase-1] Verify auto delivery item
 Test module "VerifyAutoDeliveryItemToolTip"
2017-12-10 21:42:03.588 [INFO] : [TestNG-method=runTestCase-1] Verify that we are at "Product Detail" page
 Running action ContainsText on productDetailHeader [{xpath=//*[@class="breadcrumb pageBreadcrumb"]}] with data {text=Product Detail}
2017-12-10 21:42:03.771 [INFO] : [TestNG-method=runTestCase-1] Verify that the delivery options exists
 Running action ContainsText on DeliveryOptionLabel [{xpath=//*[@class="buyBoxSelect buyBoxSelectDelivery"]//*[@class="aboveLabel"]}] with data {text=Delivery Options}
2017-12-10 21:42:14.719 [INFO] : [TestNG-method=runTestCase-1] Locator was: {xpath=//*[@class="buyBoxSelect buyBoxSelectColor"]//*[@class="swatchBox selectOption"]}
2017-12-10 21:42:14.719 [ERROR] : [TestNG-method=runTestCase-1] Exception: no such element: Unable to locate element: {"method":"xpath","selector":"//*[@class="buyBoxSelect buyBoxSelectDelivery"]//*[@class="aboveLabel"]"}
  (Session info: chrome=59.0.3071.115)
  (Driver info: chromedriver=2.30.477691 (6ee44a7247c639c0703f291d320bdf05c1531b57),platform=Linux 4.4.0-96-generic x86_64) (WARNING: The server did not provide any stacktrace information)
Command duration or timeout: 21 milliseconds
For documentation on this error, please visit: http://seleniumhq.org/exceptions/no_such_element.html
Build info: version: '3.4.0', revision: 'unknown', time: 'unknown'
System info: host: 'wchpilsgrid04', ip: '167.140.56.169', os.name: 'Linux', os.arch: 'amd64', os.version: '4.4.0-96-generic', java.version: '1.8.0_131'
Driver info: org.openqa.selenium.chrome.ChromeDriver
Capabilities [{applicationCacheEnabled=false, rotatable=false, mobileEmulationEnabled=false, networkConnectionEnabled=false, chrome={chromedriverVersion=2.30.477691 (6ee44a7247c639c0703f291d320bdf05c1531b57), userDataDir=/tmp/.org.chromium.Chromium.rvGw1D}, takesHeapSnapshot=true, pageLoadStrategy=normal, databaseEnabled=false, handlesAlerts=true, hasTouchScreen=false, version=59.0.3071.115, platform=LINUX, browserConnectionEnabled=false, nativeEvents=true, acceptSslCerts=true, locationContextEnabled=true, webStorageEnabled=true, browserName=chrome, takesScreenshot=true, javascriptEnabled=true, cssSelectorsEnabled=true, unexpectedAlertBehaviour=}]
Session ID: 25cfbe2dc14975918a3cea19837512d6
*** Element info: {Using=xpath, value=//*[@class="buyBoxSelect buyBoxSelectDelivery"]//*[@class="aboveLabel"]}
Command duration or timeout: 267 milliseconds
2017-12-10 21:42:14.719 [ERROR] : [TestNG-method=runTestCase-1] 1: PERFORM-ContainsText : Verify that the delivery options exists
2017-12-10 21:42:15.323 [INFO] : [TestNG-method=runTestCase-1] Report file generated: c:\seleniumframeworkplugin\testOutput\13\DetailReport\Fail_AEM_PDP_AutoDelivery_VerifyADPlan_uk_chrome.html
