2017-12-05 21:11:40.186 [INFO] : [TestNG-method=runTestCase-1] Creating driver http://qloud:4444/wd/hub Capabilities [{proxy=Proxy(manual, ftp=wchwe21.qvc.com:80, http=wchwe21.qvc.com:80, ssl=wchwe21.qvc.com:80), honorSystemProxy=true, browserName=chrome, version=, platform=LINUX}]
2017-12-05 21:11:41.135 [INFO] : [TestNG-method=runTestCase-1] Go to URL qa.qvc.com
 Test module "GotoUrl"
2017-12-05 21:11:41.135 [INFO] : [TestNG-method=runTestCase-1] Nav to QVC
 Running action GoToUrl with data {url=http://qa.qvcuk.com/content/qvc-commerce-uk/en/homepage/chinateam/hptest.html}
2017-12-05 21:11:44.730 [INFO] : [TestNG-method=runTestCase-1] If have popup window
 Running action CheckForElements on cookiesBarCloseBtn [{xpath=//*[@id="alert-cookie-info-bar"]//button[@class="close"]}] with data {wait=2}
2017-12-05 21:11:46.451 [INFO] : [TestNG-method=runTestCase-1] Close it
 Running action Click on cookiesBarCloseBtn [{xpath=//*[@id="alert-cookie-info-bar"]//button[@class="close"]}]
2017-12-05 21:11:46.720 [INFO] : [TestNG-method=runTestCase-1] Wait util the object show up to make sure we switch to correct page
 Running action WaitUntilObjectExist on divHomepage [{id=pageContent}, {xpath=//*[@id='pageContent']}]
2017-12-05 21:11:47.237 [INFO] : [TestNG-method=runTestCase-1] Function Elapsed Time 0 min, 6 sec
2017-12-05 21:11:47.286 [INFO] : [TestNG-method=runTestCase-1] Verify the large static image is displayed on home  page and linking to related page
 Test module "LargeStaticImg_Clickable"
2017-12-05 21:11:47.290 [INFO] : [TestNG-method=runTestCase-1] Wait until homepage display
 Running action WaitUntilObjectExist on BackToHomePage [{xpath=//img[@title='QVC']}, {id=pageMasthead}, {id=divMastheadLogo}, {id=mastheadLogo}, {linkText=Home}]
2017-12-05 21:11:47.429 [INFO] : [TestNG-method=runTestCase-1] Verify the large static image is displayed
 Running action VerifyExist on largeStaticImage [{xpath=//*[@class='visible-dt cq-dd-largeDisplayImage']}]
2017-12-05 21:11:47.547 [INFO] : [TestNG-method=runTestCase-1] Click the large static image
 Running action Click on largeStaticImage [{xpath=//*[@class='visible-dt cq-dd-largeDisplayImage']}]
2017-12-05 21:11:49.702 [INFO] : [TestNG-method=runTestCase-1] Wait until product list page display
 Running action WaitUntilObjectExist on productListModule [{xpath=//*[@data-component-type='PRODUCT_LISTING_LIST']}, {id=frmProductList}]
2017-12-05 21:13:50.893 [INFO] : [TestNG-method=runTestCase-1] Locator was: {id=frmProductList}
2017-12-05 21:13:50.893 [ERROR] : [TestNG-method=runTestCase-1] Exception: no such element: Unable to locate element: {"method":"id","selector":"frmProductList"}
  (Session info: chrome=59.0.3071.115)
  (Driver info: chromedriver=2.30.477691 (6ee44a7247c639c0703f291d320bdf05c1531b57),platform=Linux 4.4.0-96-generic x86_64) (WARNING: The server did not provide any stacktrace information)
Command duration or timeout: 23 milliseconds
For documentation on this error, please visit: http://seleniumhq.org/exceptions/no_such_element.html
Build info: version: '3.4.0', revision: 'unknown', time: 'unknown'
System info: host: 'wchpilsgrid01', ip: '167.140.56.92', os.name: 'Linux', os.arch: 'amd64', os.version: '4.4.0-96-generic', java.version: '1.8.0_131'
Driver info: org.openqa.selenium.chrome.ChromeDriver
Capabilities [{applicationCacheEnabled=false, rotatable=false, mobileEmulationEnabled=false, networkConnectionEnabled=false, chrome={chromedriverVersion=2.30.477691 (6ee44a7247c639c0703f291d320bdf05c1531b57), userDataDir=/tmp/.org.chromium.Chromium.85oX62}, takesHeapSnapshot=true, pageLoadStrategy=normal, databaseEnabled=false, handlesAlerts=true, hasTouchScreen=false, version=59.0.3071.115, platform=LINUX, browserConnectionEnabled=false, nativeEvents=true, acceptSslCerts=true, locationContextEnabled=true, webStorageEnabled=true, browserName=chrome, takesScreenshot=true, javascriptEnabled=true, cssSelectorsEnabled=true, unexpectedAlertBehaviour=}]
Session ID: 19a2eb37469b40ff66a6385535d8d8e8
*** Element info: {Using=id, value=frmProductList}
Command duration or timeout: 361 milliseconds
2017-12-05 21:13:50.894 [ERROR] : [TestNG-method=runTestCase-1] 3: PERFORM-WaitUntilObjectExist : Wait until product list page display
2017-12-05 21:13:51.419 [INFO] : [TestNG-method=runTestCase-1] Report file generated: c:\seleniumframeworkplugin\testOutput\11\DetailReport\Fail_AEM_StaticImage_ComponentsAreClickable_FrontEnd_uk_chrome.html
