2017-12-05 21:05:58.639 [INFO] : [TestNG-method=runTestCase-1] Creating driver http://qloud:4444/wd/hub Capabilities [{proxy=Proxy(manual, ftp=wchwe21.qvc.com:80, http=wchwe21.qvc.com:80, ssl=wchwe21.qvc.com:80), honorSystemProxy=true, browserName=chrome, version=, platform=LINUX}]
2017-12-05 21:05:59.632 [INFO] : [TestNG-method=runTestCase-1] Navigate to qa.qvcuk.com
 Test module "GotoUrl"
2017-12-05 21:05:59.632 [INFO] : [TestNG-method=runTestCase-1] Nav to QVC
 Running action GoToUrl with data {url=http://qa.qvcuk.com}
2017-12-05 21:06:01.928 [INFO] : [TestNG-method=runTestCase-1] If have popup window
 Running action CheckForElements on cookiesBarCloseBtn [{xpath=//*[@id="alert-cookie-info-bar"]//button[@class="close"]}] with data {wait=2}
2017-12-05 21:06:03.465 [INFO] : [TestNG-method=runTestCase-1] Close it
 Running action Click on cookiesBarCloseBtn [{xpath=//*[@id="alert-cookie-info-bar"]//button[@class="close"]}]
2017-12-05 21:06:03.634 [INFO] : [TestNG-method=runTestCase-1] Wait util the object show up to make sure we switch to correct page
 Running action WaitUntilObjectExist on divHomepage [{id=pageContent}, {xpath=//*[@id='pageContent']}]
2017-12-05 21:06:04.447 [INFO] : [TestNG-method=runTestCase-1] Function Elapsed Time 0 min, 4 sec
2017-12-05 21:06:04.462 [INFO] : [TestNG-method=runTestCase-1] Navigate to "QVC UK – Watch Live" page
 Test module "NavToWatchTVLive"
2017-12-05 21:06:04.467 [INFO] : [TestNG-method=runTestCase-1] Hover the "Shop QVC TV" menu
 Running action MouseEvent on ShopQVCTVlink [{xpath=//*[@class="shopQVCTV"]/a[@aria-label="Shop QVC TV"]}, {xpath=//div[@id="mastTierTwo"]//a[text()="Shop QVC TV"]}] with data {mouseaction=mouseover}
2017-12-05 21:06:04.652 [INFO] : [TestNG-method=runTestCase-1] Click "Watch QVC TV" link
 Running action Click on watchQVCTVLink [{xpath=//*[@class="shopTVDropDown"]//*[@title="Watch QVC TV"]}, {xpath=//*[@class="qvctv visible-desktop"]//a[text()="Watch QVC TV"]}]
2017-12-05 21:06:06.413 [INFO] : [TestNG-method=runTestCase-1] Wait until the object show up to make sure we are switch to correct page
 Running action WaitUntilObjectExist on TVHeader [{class=active}]
2017-12-05 21:06:06.705 [INFO] : [TestNG-method=runTestCase-1] Verify that we are at live channel page
 Running action ContainsText on TVHeader [{class=active}] with data {text=QVC UK – Watch Live}
2017-12-05 21:06:06.812 [INFO] : [TestNG-method=runTestCase-1] Function Elapsed Time 0 min, 2 sec
2017-12-05 21:06:06.813 [INFO] : [TestNG-method=runTestCase-1] Verify elements in the buy box of live channel
 Test module "VerifyBuyBoxElements"
2017-12-05 21:06:06.814 [INFO] : [TestNG-method=runTestCase-1] Verify the buy box layer exist
 Running action VerifyExist on buyBoxLayerIOA [{id=qProdOverlay}]
2017-12-05 21:06:06.981 [INFO] : [TestNG-method=runTestCase-1] Object not displayed, reload the object - buyBoxLayerIOA
2017-12-05 21:06:08.023 [INFO] : [TestNG-method=runTestCase-1] Object not displayed, reload the object - buyBoxLayerIOA
2017-12-05 21:06:09.065 [INFO] : [TestNG-method=runTestCase-1] Object not displayed, reload the object - buyBoxLayerIOA
2017-12-05 21:06:10.103 [INFO] : [TestNG-method=runTestCase-1] Object not displayed, reload the object - buyBoxLayerIOA
2017-12-05 21:06:11.161 [INFO] : [TestNG-method=runTestCase-1] Object not displayed, reload the object - buyBoxLayerIOA
2017-12-05 21:06:12.162 [INFO] : [TestNG-method=runTestCase-1] Locator was: {id=qProdOverlay}
2017-12-05 21:06:12.163 [ERROR] : [TestNG-method=runTestCase-1] 
2017-12-05 21:06:12.900 [INFO] : [TestNG-method=runTestCase-1] Verify the product name of the buy box exist
 Running action VerifyExist on IOAProductName [{xpath=//*[@id="qProdOverlay"]//*[@class="productDesc"]}]
2017-12-05 21:06:18.283 [INFO] : [TestNG-method=runTestCase-1] Locator was: {xpath=//*[@id="qProdOverlay"]//*[@class="productDesc"]}
2017-12-05 21:06:18.283 [ERROR] : [TestNG-method=runTestCase-1] Exception: no such element: Unable to locate element: {"method":"xpath","selector":"//*[@id="qProdOverlay"]//*[@class="productDesc"]"}
  (Session info: chrome=59.0.3071.115)
  (Driver info: chromedriver=2.30.477691 (6ee44a7247c639c0703f291d320bdf05c1531b57),platform=Linux 4.4.0-96-generic x86_64) (WARNING: The server did not provide any stacktrace information)
Command duration or timeout: 19 milliseconds
For documentation on this error, please visit: http://seleniumhq.org/exceptions/no_such_element.html
Build info: version: '3.4.0', revision: 'unknown', time: 'unknown'
System info: host: 'wchpilsgrid03', ip: '167.140.56.160', os.name: 'Linux', os.arch: 'amd64', os.version: '4.4.0-96-generic', java.version: '1.8.0_131'
Driver info: org.openqa.selenium.chrome.ChromeDriver
Capabilities [{applicationCacheEnabled=false, rotatable=false, mobileEmulationEnabled=false, networkConnectionEnabled=false, chrome={chromedriverVersion=2.30.477691 (6ee44a7247c639c0703f291d320bdf05c1531b57), userDataDir=/tmp/.org.chromium.Chromium.KCVG2O}, takesHeapSnapshot=true, pageLoadStrategy=normal, databaseEnabled=false, handlesAlerts=true, hasTouchScreen=false, version=59.0.3071.115, platform=LINUX, browserConnectionEnabled=false, nativeEvents=true, acceptSslCerts=true, locationContextEnabled=true, webStorageEnabled=true, browserName=chrome, takesScreenshot=true, javascriptEnabled=true, cssSelectorsEnabled=true, unexpectedAlertBehaviour=}]
Session ID: 656f9f5e39ea19598a40d80443f0ec48
*** Element info: {Using=xpath, value=//*[@id="qProdOverlay"]//*[@class="productDesc"]}
Command duration or timeout: 426 milliseconds
2017-12-05 21:06:18.934 [INFO] : [TestNG-method=runTestCase-1] Store the product name
 Running action Text on IOAProductName [{xpath=//*[@id="qProdOverlay"]//*[@class="productDesc"]}] with data {storeas=ProductName}
2017-12-05 21:06:29.487 [INFO] : [TestNG-method=runTestCase-1] Locator was: {xpath=//*[@id="qProdOverlay"]//*[@class="productDesc"]}
2017-12-05 21:06:29.487 [ERROR] : [TestNG-method=runTestCase-1] Exception: no such element: Unable to locate element: {"method":"xpath","selector":"//*[@id="qProdOverlay"]//*[@class="productDesc"]"}
  (Session info: chrome=59.0.3071.115)
  (Driver info: chromedriver=2.30.477691 (6ee44a7247c639c0703f291d320bdf05c1531b57),platform=Linux 4.4.0-96-generic x86_64) (WARNING: The server did not provide any stacktrace information)
Command duration or timeout: 24 milliseconds
For documentation on this error, please visit: http://seleniumhq.org/exceptions/no_such_element.html
Build info: version: '3.4.0', revision: 'unknown', time: 'unknown'
System info: host: 'wchpilsgrid03', ip: '167.140.56.160', os.name: 'Linux', os.arch: 'amd64', os.version: '4.4.0-96-generic', java.version: '1.8.0_131'
Driver info: org.openqa.selenium.chrome.ChromeDriver
Capabilities [{applicationCacheEnabled=false, rotatable=false, mobileEmulationEnabled=false, networkConnectionEnabled=false, chrome={chromedriverVersion=2.30.477691 (6ee44a7247c639c0703f291d320bdf05c1531b57), userDataDir=/tmp/.org.chromium.Chromium.KCVG2O}, takesHeapSnapshot=true, pageLoadStrategy=normal, databaseEnabled=false, handlesAlerts=true, hasTouchScreen=false, version=59.0.3071.115, platform=LINUX, browserConnectionEnabled=false, nativeEvents=true, acceptSslCerts=true, locationContextEnabled=true, webStorageEnabled=true, browserName=chrome, takesScreenshot=true, javascriptEnabled=true, cssSelectorsEnabled=true, unexpectedAlertBehaviour=}]
Session ID: 656f9f5e39ea19598a40d80443f0ec48
*** Element info: {Using=xpath, value=//*[@id="qProdOverlay"]//*[@class="productDesc"]}
Command duration or timeout: 430 milliseconds
2017-12-05 21:06:29.488 [ERROR] : [TestNG-method=runTestCase-1] 2: STOREVALUE-Text : Store the product name
2017-12-05 21:06:30.424 [INFO] : [TestNG-method=runTestCase-1] Report file generated: c:\seleniumframeworkplugin\testOutput\11\DetailReport\Fail_AEM_SLTV_BuyBox_Shop_Now_Speedbuy_All_Geos_uk_chrome.html
