2017-12-11 00:42:59.461 [INFO] : [TestNG-method=runTestCase-1] Creating driver http://qloud:4444/wd/hub Capabilities [{proxy=Proxy(manual, ftp=wchwe21.qvc.com:80, http=wchwe21.qvc.com:80, ssl=wchwe21.qvc.com:80), honorSystemProxy=true, browserName=chrome, version=, platform=LINUX}]
2017-12-11 00:43:00.531 [INFO] : [TestNG-method=runTestCase-1] Go to URL qa.qvc.com
 Test module "GotoUrl"
2017-12-11 00:43:00.532 [INFO] : [TestNG-method=runTestCase-1] Nav to QVC
 Running action GoToUrl with data {url=http://qa.qvcuk.com}
2017-12-11 00:43:02.787 [INFO] : [TestNG-method=runTestCase-1] If have popup window
 Running action CheckForElements on cookiesBarCloseBtn [{xpath=//*[@id="alert-cookie-info-bar"]//button[@class="close"]}] with data {wait=2}
2017-12-11 00:43:04.347 [INFO] : [TestNG-method=runTestCase-1] Close it
 Running action Click on cookiesBarCloseBtn [{xpath=//*[@id="alert-cookie-info-bar"]//button[@class="close"]}]
2017-12-11 00:43:04.535 [INFO] : [TestNG-method=runTestCase-1] Wait util the object show up to make sure we switch to correct page
 Running action WaitUntilObjectExist on divHomepage [{id=pageContent}, {xpath=//*[@id='pageContent']}]
2017-12-11 00:43:05.318 [INFO] : [TestNG-method=runTestCase-1] Function Elapsed Time 0 min, 4 sec
2017-12-11 00:43:05.318 [INFO] : [TestNG-method=runTestCase-1] Search regular Product
 Test module "ByProductNum"
2017-12-11 00:43:05.319 [INFO] : [TestNG-method=runTestCase-1] Wait until the search bar display
 Running action WaitUntilObjectExist on searchBox [{id=searchBoxField}, {id=txtMastheadSearch}] with data {wait=4}
2017-12-11 00:43:09.755 [INFO] : [TestNG-method=runTestCase-1] Enter item number
 Running action SendKeys on searchBox [{id=searchBoxField}, {id=txtMastheadSearch}] with data {text=200223}
2017-12-11 00:43:10.401 [INFO] : [TestNG-method=runTestCase-1] Click "Search" button
 Running action Click on goBtn [{id=btnMastheadSearch}]
2017-12-11 00:43:13.614 [INFO] : [TestNG-method=runTestCase-1] Close the cookies bar
 Running action CheckForElements on cookiesBarCloseBtn [{xpath=//*[@id="alert-cookie-info-bar"]//button[@class="close"]}]
2017-12-11 00:43:19.068 [INFO] : [TestNG-method=runTestCase-1] Function Elapsed Time 0 min, 13 sec
2017-12-11 00:43:19.164 [INFO] : [TestNG-method=runTestCase-1] Verify auto delivery item
 Test module "VerifyAutoDeliveryItemToolTip"
2017-12-11 00:43:19.171 [INFO] : [TestNG-method=runTestCase-1] Verify that we are at "Product Detail" page
 Running action ContainsText on productDetailHeader [{xpath=//*[@class="breadcrumb pageBreadcrumb"]}] with data {text=Product Detail}
2017-12-11 00:43:19.348 [INFO] : [TestNG-method=runTestCase-1] Verify that the delivery options exists
 Running action ContainsText on DeliveryOptionLabel [{xpath=//*[@class="buyBoxSelect buyBoxSelectDelivery"]//*[@class="aboveLabel"]}] with data {text=Delivery Options}
2017-12-11 00:43:19.517 [INFO] : [TestNG-method=runTestCase-1] Verify that the delivery option tool tip exists
 Running action VerifyExist on DeliveryOptionTooltip [{xpath=//*[@class="buyBoxSelect buyBoxSelectDelivery"]//*[@class="infoIcon fancybox fancybox.ajax"]}]
2017-12-11 00:43:19.624 [INFO] : [TestNG-method=runTestCase-1] Hover the delivery option tool tip so that the alt tag "Delivery Options Details" is displayed
 Running action MouseEvent on DeliveryOptionTooltip [{xpath=//*[@class="buyBoxSelect buyBoxSelectDelivery"]//*[@class="infoIcon fancybox fancybox.ajax"]}] with data {mouseaction=mouseover}
2017-12-11 00:43:19.718 [INFO] : [TestNG-method=runTestCase-1] Click delivery option tool tip
 Running action Click on DeliveryOptionTooltip [{xpath=//*[@class="buyBoxSelect buyBoxSelectDelivery"]//*[@class="infoIcon fancybox fancybox.ajax"]}]
2017-12-11 00:43:20.309 [INFO] : [TestNG-method=runTestCase-1] Wait until the delivery option details popup shows
 Running action WaitUntilObjectExist on deliveryOptionsDetailsPopup [{xpath=//*[@class='fancybox-wrap fancybox-desktop fancybox-type-ajax fancybox-opened']}] with data {wait=3}
2017-12-11 00:43:23.454 [INFO] : [TestNG-method=runTestCase-1] Verify that the delivery option details popup exists
 Running action VerifyExist on deliveryOptionsDetailsPopup [{xpath=//*[@class='fancybox-wrap fancybox-desktop fancybox-type-ajax fancybox-opened']}]
2017-12-11 00:43:23.525 [INFO] : [TestNG-method=runTestCase-1] Verify that the delivery option details title is displayed
 Running action ContainsText on deliveryOptionsDetailsPopup [{xpath=//*[@class='fancybox-wrap fancybox-desktop fancybox-type-ajax fancybox-opened']}] with data {text=What are these delivery options}
2017-12-11 00:43:23.665 [INFO] : [TestNG-method=runTestCase-1] Verify that the delivery option details content is displayed
 Running action VerifyExist on popupText [{xpath=//*[@class="fancybox-skin"]//*[contains(@class,"rich-text-editor")]}]
2017-12-11 00:43:23.800 [INFO] : [TestNG-method=runTestCase-1] Verify that the delivery option details content is mentionen about "Auto-Delivery"
 Running action ContainsText on popupText [{xpath=//*[@class="fancybox-skin"]//*[contains(@class,"rich-text-editor")]}] with data {text=Auto Delivery}
2017-12-11 00:43:23.919 [INFO] : [TestNG-method=runTestCase-1] Verify that close button is displayed
 Running action VerifyExist on popupClose [{xpath=//*[@class="fancybox-item fancybox-close"]}]
2017-12-11 00:43:24.041 [INFO] : [TestNG-method=runTestCase-1] Close the popup window
 Running action Click on popupClose [{xpath=//*[@class="fancybox-item fancybox-close"]}]
2017-12-11 00:43:24.193 [INFO] : [TestNG-method=runTestCase-1] Verify that the delivery option details popup exists
 Running action VerifyNotExist on deliveryOptionsDetailsPopup [{xpath=//*[@class='fancybox-wrap fancybox-desktop fancybox-type-ajax fancybox-opened']}]
2017-12-11 00:43:24.277 [INFO] : [TestNG-method=runTestCase-1] Function Elapsed Time 0 min, 5 sec
2017-12-11 00:43:24.327 [INFO] : [TestNG-method=runTestCase-1] Add to cart
 Test module "AddToCart_AD"
2017-12-11 00:43:24.327 [INFO] : [TestNG-method=runTestCase-1] Verify we are at Product Detail page
 Running action ContainsText on productDetailHeader [{xpath=//*[@class="breadcrumb pageBreadcrumb"]}] with data {text=Product Detail}
2017-12-11 00:43:24.496 [INFO] : [TestNG-method=runTestCase-1] Get the product number
 Running action Text on productNumbertxt [{xpath=//*[@class='itemNo']}] with data {storeas=productNumPD}
2017-12-11 00:43:24.654 [INFO] : [TestNG-method=runTestCase-1] If have instock color
 Running action CheckForElements on FirstAvailableColorOption [{xpath=//*[@ats="Y"]//*[@class="swatchBox selectOption"][1]}, {xpath=//*[@class="buyBoxSelect buyBoxSelectColor"]//*[@class="swatchBox selectOption"]}]
2017-12-11 00:43:24.810 [INFO] : [TestNG-method=runTestCase-1] Select the 1st available color
 Running action Click on FirstAvailableColorOption [{xpath=//*[@ats="Y"]//*[@class="swatchBox selectOption"][1]}, {xpath=//*[@class="buyBoxSelect buyBoxSelectColor"]//*[@class="swatchBox selectOption"]}]
2017-12-11 00:43:25.002 [INFO] : [TestNG-method=runTestCase-1] If have instock color
 Running action CheckForElements on FirstAvailableColor [{xpath=//*[@class="selectColor" and @ats="Y"][1]}, {xpath=//*[@ats="Y"][1]/*[@class="swatchBox selectColor"]}]
2017-12-11 00:43:30.004 [INFO] : [TestNG-method=runTestCase-1] If have instock size
 Running action CheckForElements on FirstAvailableSize [{xpath=//*[@class="selectSize" and @ats="Y"][1]}, {xpath=//*[@ats="Y"][1]/*[@class="swatchBox selectSize"]}]
2017-12-11 00:43:36.645 [INFO] : [TestNG-method=runTestCase-1] Click autodelivery option
 Running action Click on AutoDeliveryOption [{xpath=//*[@class="deliveryOption adPurchase"]}]
2017-12-11 00:43:36.934 [INFO] : [TestNG-method=runTestCase-1] Click "Add to Basket"
 Running action Click on addToCartbtn [{class=btnAddToCart}]
2017-12-11 00:43:39.400 [INFO] : [TestNG-method=runTestCase-1] Function Elapsed Time 0 min, 15 sec
2017-12-11 00:43:39.411 [INFO] : [TestNG-method=runTestCase-1] Click Yes to continue
 Test module "ClickYes"
2017-12-11 00:43:39.414 [INFO] : [TestNG-method=runTestCase-1] Verify we are at Auto-Delivery Order Confirmation page
 Running action ContainsText on Auto-diHeader [{id=divPageTitle}] with data {text=Auto Delivery order confirmation}
2017-12-11 00:43:39.628 [INFO] : [TestNG-method=runTestCase-1] Click yes button
 Running action Click on btnYes [{xpath=//input[@class='primaryButton buttonAlignVertical' and @value='Yes']}, {xpath=//*[@class='primaryButton buttonAlignVertical']}]
2017-12-11 00:43:42.432 [INFO] : [TestNG-method=runTestCase-1] Function Elapsed Time 0 min, 3 sec
2017-12-11 00:43:42.432 [INFO] : [TestNG-method=runTestCase-1] Click Checkout button
 Test module "CheckOut"
2017-12-11 00:43:42.432 [INFO] : [TestNG-method=runTestCase-1] Veify we are at "Shopping basket" page
 Running action ContainsText on pageTitle [{id=divPageTitle}, {xpath=//*[@id='divPageTitle']/h1}, {xpath=//*[@class='breadcrumb pageBreadcrumb']}] with data {text=Shopping basket}
2017-12-11 00:43:42.629 [INFO] : [TestNG-method=runTestCase-1] Click "Checkout"
 Running action Click on checkoutBtn [{xpath=//*[@class="divProductButtons"]//*[@value="Checkout"][1]}]
2017-12-11 00:43:45.261 [INFO] : [TestNG-method=runTestCase-1] Function Elapsed Time 0 min, 2 sec
2017-12-11 00:43:45.261 [INFO] : [TestNG-method=runTestCase-1] Sign In
 Test module "ByEmail"
2017-12-11 00:43:45.261 [INFO] : [TestNG-method=runTestCase-1] Wait until the object exist
 Running action WaitUntilObjectExist on signInHeader [{id=divPageTitle}] with data {wait=10}
2017-12-11 00:43:55.428 [INFO] : [TestNG-method=runTestCase-1] Veify we are at "Sign In" page
 Running action ContainsText on signInHeader [{id=divPageTitle}] with data {text=Sign In}
2017-12-11 00:43:55.560 [INFO] : [TestNG-method=runTestCase-1] Input email address
 Running action SendKeys on emailAddressTextbox [{id=txtEmailAddress}, {name=logonId}] with data {text=a20170605061838@qvc.com}
2017-12-11 00:43:55.944 [INFO] : [TestNG-method=runTestCase-1] Input password
 Running action SendKeys on passwordTextbox [{id=txtPassword}, {name=logonPassword}] with data {text=Qvctester1}
2017-12-11 00:43:56.296 [INFO] : [TestNG-method=runTestCase-1] Click "Sign in"
 Running action Click on loginBtn [{id=btnSignIn}]
2017-12-11 00:43:58.891 [INFO] : [TestNG-method=runTestCase-1] Function Elapsed Time 0 min, 13 sec
2017-12-11 00:43:58.902 [INFO] : [TestNG-method=runTestCase-1] Use current as shipTo address
 Test module "UseCurrent"
2017-12-11 00:43:58.907 [INFO] : [TestNG-method=runTestCase-1] Veify we are at "Ship-To Address" page
 Running action ContainsText on pageTitle [{id=divPageTitle}, {xpath=//*[@id='divPageTitle']/h1}, {xpath=//*[@class='breadcrumb pageBreadcrumb']}] with data {text=Delivery address}
2017-12-11 00:43:59.106 [ERROR] : [TestNG-method=runTestCase-1] Verification Failed. Expect text was not found: Delivery address, actual text: Oops!
2017-12-11 00:43:59.259 [INFO] : [TestNG-method=runTestCase-1] Click "Contine"
 Running action Click on continuebtn [{id=btnContinueAddressBook}]
2017-12-11 00:44:09.476 [INFO] : [TestNG-method=runTestCase-1] Locator was: {id=btnContinueAddressBook}
2017-12-11 00:44:09.476 [ERROR] : [TestNG-method=runTestCase-1] Exception: no such element: Unable to locate element: {"method":"id","selector":"btnContinueAddressBook"}
  (Session info: chrome=59.0.3071.115)
  (Driver info: chromedriver=2.30.477691 (6ee44a7247c639c0703f291d320bdf05c1531b57),platform=Linux 4.4.0-96-generic x86_64) (WARNING: The server did not provide any stacktrace information)
Command duration or timeout: 31 milliseconds
For documentation on this error, please visit: http://seleniumhq.org/exceptions/no_such_element.html
Build info: version: '3.4.0', revision: 'unknown', time: 'unknown'
System info: host: 'wchpilsgrid01', ip: '167.140.56.92', os.name: 'Linux', os.arch: 'amd64', os.version: '4.4.0-96-generic', java.version: '1.8.0_131'
Driver info: org.openqa.selenium.chrome.ChromeDriver
Capabilities [{applicationCacheEnabled=false, rotatable=false, mobileEmulationEnabled=false, networkConnectionEnabled=false, chrome={chromedriverVersion=2.30.477691 (6ee44a7247c639c0703f291d320bdf05c1531b57), userDataDir=/tmp/.org.chromium.Chromium.1iZXYQ}, takesHeapSnapshot=true, pageLoadStrategy=normal, databaseEnabled=false, handlesAlerts=true, hasTouchScreen=false, version=59.0.3071.115, platform=LINUX, browserConnectionEnabled=false, nativeEvents=true, acceptSslCerts=true, locationContextEnabled=true, webStorageEnabled=true, browserName=chrome, takesScreenshot=true, javascriptEnabled=true, cssSelectorsEnabled=true, unexpectedAlertBehaviour=}]
Session ID: b4b77c47f49119e4f6cd759aaae5d8ed
*** Element info: {Using=id, value=btnContinueAddressBook}
Command duration or timeout: 270 milliseconds
2017-12-11 00:44:09.476 [ERROR] : [TestNG-method=runTestCase-1] 1: PERFORM-Click : Click "Contine"
2017-12-11 00:44:09.947 [INFO] : [TestNG-method=runTestCase-1] Report file generated: c:\seleniumframeworkplugin\testOutput\16\DetailReport\Fail_AEM_PDP_AutoDelivery_VerifyADPlan_uk_chrome.html
