2017-12-11 00:43:54.829 [INFO] : [TestNG-method=runTestCase-1] Creating driver http://qloud:4444/wd/hub Capabilities [{proxy=Proxy(manual, ftp=wchwe21.qvc.com:80, http=wchwe21.qvc.com:80, ssl=wchwe21.qvc.com:80), honorSystemProxy=true, browserName=chrome, version=, platform=LINUX}]
2017-12-11 00:43:55.975 [INFO] : [TestNG-method=runTestCase-1] Go to url qa.qvc.com
 Test module "GotoUrl"
2017-12-11 00:43:55.975 [INFO] : [TestNG-method=runTestCase-1] Nav to QVC
 Running action GoToUrl with data {url=http://qa.qvcuk.com}
2017-12-11 00:43:58.161 [INFO] : [TestNG-method=runTestCase-1] If have popup window
 Running action CheckForElements on cookiesBarCloseBtn [{xpath=//*[@id="alert-cookie-info-bar"]//button[@class="close"]}] with data {wait=2}
2017-12-11 00:43:59.704 [INFO] : [TestNG-method=runTestCase-1] Close it
 Running action Click on cookiesBarCloseBtn [{xpath=//*[@id="alert-cookie-info-bar"]//button[@class="close"]}]
2017-12-11 00:43:59.912 [INFO] : [TestNG-method=runTestCase-1] Wait util the object show up to make sure we switch to correct page
 Running action WaitUntilObjectExist on divHomepage [{id=pageContent}, {xpath=//*[@id='pageContent']}]
2017-12-11 00:44:00.774 [INFO] : [TestNG-method=runTestCase-1] Function Elapsed Time 0 min, 4 sec
2017-12-11 00:44:00.779 [INFO] : [TestNG-method=runTestCase-1] Navigate to sign in page
 Test module "NavToSignIn"
2017-12-11 00:44:00.781 [INFO] : [TestNG-method=runTestCase-1] Click sign in
 Running action Click on signInLink [{xpath=//*[@class="acctGreeting acctUnAuth"]//p[1]}, {linkText=Sign in or register}]
2017-12-11 00:44:02.092 [INFO] : [TestNG-method=runTestCase-1] Function Elapsed Time 0 min, 1 sec
2017-12-11 00:44:02.112 [INFO] : [TestNG-method=runTestCase-1] Sign in
 Test module "ByEmail"
2017-12-11 00:44:02.113 [INFO] : [TestNG-method=runTestCase-1] Wait until the object exist
 Running action WaitUntilObjectExist on signInHeader [{id=divPageTitle}] with data {wait=10}
2017-12-11 00:44:12.344 [INFO] : [TestNG-method=runTestCase-1] Veify we are at "Sign In" page
 Running action ContainsText on signInHeader [{id=divPageTitle}] with data {text=Sign In}
2017-12-11 00:44:12.491 [INFO] : [TestNG-method=runTestCase-1] Input email address
 Running action SendKeys on emailAddressTextbox [{id=txtEmailAddress}, {name=logonId}] with data {text=a20170605101837@qvc.com}
2017-12-11 00:44:12.929 [INFO] : [TestNG-method=runTestCase-1] Input password
 Running action SendKeys on passwordTextbox [{id=txtPassword}, {name=logonPassword}] with data {text=Qvctester1}
2017-12-11 00:44:13.359 [INFO] : [TestNG-method=runTestCase-1] Click "Sign in"
 Running action Click on loginBtn [{id=btnSignIn}]
2017-12-11 00:44:14.644 [INFO] : [TestNG-method=runTestCase-1] Function Elapsed Time 0 min, 12 sec
2017-12-11 00:44:14.644 [INFO] : [TestNG-method=runTestCase-1] Search a product that has not question
 Test module "ByProductNum"
2017-12-11 00:44:14.644 [INFO] : [TestNG-method=runTestCase-1] Wait until the search bar display
 Running action WaitUntilObjectExist on searchBox [{id=searchBoxField}, {id=txtMastheadSearch}] with data {wait=4}
2017-12-11 00:46:20.043 [INFO] : [TestNG-method=runTestCase-1] Locator was: {id=txtMastheadSearch}
2017-12-11 00:46:20.043 [ERROR] : [TestNG-method=runTestCase-1] Exception: no such element: Unable to locate element: {"method":"id","selector":"txtMastheadSearch"}
  (Session info: chrome=59.0.3071.115)
  (Driver info: chromedriver=2.30.477691 (6ee44a7247c639c0703f291d320bdf05c1531b57),platform=Linux 4.4.0-96-generic x86_64) (WARNING: The server did not provide any stacktrace information)
Command duration or timeout: 19 milliseconds
For documentation on this error, please visit: http://seleniumhq.org/exceptions/no_such_element.html
Build info: version: '3.4.0', revision: 'unknown', time: 'unknown'
System info: host: 'wchpilsgrid01', ip: '167.140.56.92', os.name: 'Linux', os.arch: 'amd64', os.version: '4.4.0-96-generic', java.version: '1.8.0_131'
Driver info: org.openqa.selenium.chrome.ChromeDriver
Capabilities [{applicationCacheEnabled=false, rotatable=false, mobileEmulationEnabled=false, networkConnectionEnabled=false, chrome={chromedriverVersion=2.30.477691 (6ee44a7247c639c0703f291d320bdf05c1531b57), userDataDir=/tmp/.org.chromium.Chromium.0HZNlX}, takesHeapSnapshot=true, pageLoadStrategy=normal, databaseEnabled=false, handlesAlerts=true, hasTouchScreen=false, version=59.0.3071.115, platform=LINUX, browserConnectionEnabled=false, nativeEvents=true, acceptSslCerts=true, locationContextEnabled=true, webStorageEnabled=true, browserName=chrome, takesScreenshot=true, javascriptEnabled=true, cssSelectorsEnabled=true, unexpectedAlertBehaviour=}]
Session ID: 24abacfb4446b0dcf72a785e3780fc94
*** Element info: {Using=id, value=txtMastheadSearch}
Command duration or timeout: 346 milliseconds
2017-12-11 00:46:20.043 [ERROR] : [TestNG-method=runTestCase-1] 0: PERFORM-WaitUntilObjectExist : Wait until the search bar display
2017-12-11 00:46:20.607 [INFO] : [TestNG-method=runTestCase-1] Report file generated: c:\seleniumframeworkplugin\testOutput\16\DetailReport\Fail_AEM_PDP_BV_Q&A_CancelAnswerAQuestionBeforePreview_uk_chrome.html
