2017-12-11 00:42:40.149 [INFO] : [TestNG-method=runTestCase-1] Creating driver http://qloud:4444/wd/hub Capabilities [{proxy=Proxy(manual, ftp=wchwe21.qvc.com:80, http=wchwe21.qvc.com:80, ssl=wchwe21.qvc.com:80), honorSystemProxy=true, browserName=chrome, version=, platform=LINUX}]
2017-12-11 00:42:41.164 [INFO] : [TestNG-method=runTestCase-1] Navigate to qa.qvcuk.com
 Test module "GotoUrl"
2017-12-11 00:42:41.165 [INFO] : [TestNG-method=runTestCase-1] Nav to QVC
 Running action GoToUrl with data {url=http://qa.qvcuk.com}
2017-12-11 00:42:43.313 [INFO] : [TestNG-method=runTestCase-1] If have popup window
 Running action CheckForElements on cookiesBarCloseBtn [{xpath=//*[@id="alert-cookie-info-bar"]//button[@class="close"]}] with data {wait=2}
2017-12-11 00:42:44.864 [INFO] : [TestNG-method=runTestCase-1] Close it
 Running action Click on cookiesBarCloseBtn [{xpath=//*[@id="alert-cookie-info-bar"]//button[@class="close"]}]
2017-12-11 00:42:45.031 [INFO] : [TestNG-method=runTestCase-1] Wait util the object show up to make sure we switch to correct page
 Running action WaitUntilObjectExist on divHomepage [{id=pageContent}, {xpath=//*[@id='pageContent']}]
2017-12-11 00:42:45.822 [INFO] : [TestNG-method=runTestCase-1] Function Elapsed Time 0 min, 4 sec
2017-12-11 00:42:45.823 [INFO] : [TestNG-method=runTestCase-1] Navigate to "QVC UK – Watch Live" page
 Test module "NavToWatchTVLive"
2017-12-11 00:42:45.824 [INFO] : [TestNG-method=runTestCase-1] Hover the "Shop QVC TV" menu
 Running action MouseEvent on ShopQVCTVlink [{xpath=//*[@class="shopQVCTV"]/a[@aria-label="Shop QVC TV"]}, {xpath=//div[@id="mastTierTwo"]//a[text()="Shop QVC TV"]}] with data {mouseaction=mouseover}
2017-12-11 00:42:46.028 [INFO] : [TestNG-method=runTestCase-1] Click "Watch QVC TV" link
 Running action Click on watchQVCTVLink [{xpath=//*[@class="shopTVDropDown"]//*[@title="Watch QVC TV"]}, {xpath=//*[@class="qvctv visible-desktop"]//a[text()="Watch QVC TV"]}]
2017-12-11 00:42:47.902 [INFO] : [TestNG-method=runTestCase-1] Wait until the object show up to make sure we are switch to correct page
 Running action WaitUntilObjectExist on TVHeader [{class=active}]
2017-12-11 00:42:48.078 [INFO] : [TestNG-method=runTestCase-1] Verify that we are at live channel page
 Running action ContainsText on TVHeader [{class=active}] with data {text=QVC UK – Watch Live}
2017-12-11 00:42:48.435 [INFO] : [TestNG-method=runTestCase-1] Function Elapsed Time 0 min, 2 sec
2017-12-11 00:42:48.436 [INFO] : [TestNG-method=runTestCase-1] Verify elements in the buy box of live channel
 Test module "VerifyBuyBoxElements"
2017-12-11 00:42:48.437 [INFO] : [TestNG-method=runTestCase-1] Verify the buy box layer exist
 Running action VerifyExist on buyBoxLayerIOA [{id=qProdOverlay}]
2017-12-11 00:42:48.537 [INFO] : [TestNG-method=runTestCase-1] Object not displayed, reload the object - buyBoxLayerIOA
2017-12-11 00:42:49.586 [INFO] : [TestNG-method=runTestCase-1] Object not displayed, reload the object - buyBoxLayerIOA
2017-12-11 00:42:50.636 [INFO] : [TestNG-method=runTestCase-1] Object not displayed, reload the object - buyBoxLayerIOA
2017-12-11 00:42:51.684 [INFO] : [TestNG-method=runTestCase-1] Object not displayed, reload the object - buyBoxLayerIOA
2017-12-11 00:42:52.796 [INFO] : [TestNG-method=runTestCase-1] Object not displayed, reload the object - buyBoxLayerIOA
2017-12-11 00:42:53.796 [INFO] : [TestNG-method=runTestCase-1] Locator was: {id=qProdOverlay}
2017-12-11 00:42:53.796 [ERROR] : [TestNG-method=runTestCase-1] 
2017-12-11 00:42:54.044 [INFO] : [TestNG-method=runTestCase-1] Verify the product name of the buy box exist
 Running action VerifyExist on IOAProductName [{xpath=//*[@id="qProdOverlay"]//*[@class="productDesc"]}]
2017-12-11 00:42:59.670 [INFO] : [TestNG-method=runTestCase-1] Locator was: {xpath=//*[@id="qProdOverlay"]//*[@class="productDesc"]}
2017-12-11 00:42:59.670 [ERROR] : [TestNG-method=runTestCase-1] Exception: no such element: Unable to locate element: {"method":"xpath","selector":"//*[@id="qProdOverlay"]//*[@class="productDesc"]"}
  (Session info: chrome=59.0.3071.115)
  (Driver info: chromedriver=2.30.477691 (6ee44a7247c639c0703f291d320bdf05c1531b57),platform=Linux 4.4.0-96-generic x86_64) (WARNING: The server did not provide any stacktrace information)
Command duration or timeout: 47 milliseconds
For documentation on this error, please visit: http://seleniumhq.org/exceptions/no_such_element.html
Build info: version: '3.4.0', revision: 'unknown', time: 'unknown'
System info: host: 'wchpilsgrid03', ip: '167.140.56.160', os.name: 'Linux', os.arch: 'amd64', os.version: '4.4.0-96-generic', java.version: '1.8.0_131'
Driver info: org.openqa.selenium.chrome.ChromeDriver
Capabilities [{applicationCacheEnabled=false, rotatable=false, mobileEmulationEnabled=false, networkConnectionEnabled=false, chrome={chromedriverVersion=2.30.477691 (6ee44a7247c639c0703f291d320bdf05c1531b57), userDataDir=/tmp/.org.chromium.Chromium.AT7Nvb}, takesHeapSnapshot=true, pageLoadStrategy=normal, databaseEnabled=false, handlesAlerts=true, hasTouchScreen=false, version=59.0.3071.115, platform=LINUX, browserConnectionEnabled=false, nativeEvents=true, acceptSslCerts=true, locationContextEnabled=true, webStorageEnabled=true, browserName=chrome, takesScreenshot=true, javascriptEnabled=true, cssSelectorsEnabled=true, unexpectedAlertBehaviour=}]
Session ID: 77a82a549c24c88afd0b937b9312a2b0
*** Element info: {Using=xpath, value=//*[@id="qProdOverlay"]//*[@class="productDesc"]}
Command duration or timeout: 427 milliseconds
2017-12-11 00:42:59.955 [INFO] : [TestNG-method=runTestCase-1] Store the product name
 Running action Text on IOAProductName [{xpath=//*[@id="qProdOverlay"]//*[@class="productDesc"]}] with data {storeas=ProductName}
2017-12-11 00:43:11.096 [INFO] : [TestNG-method=runTestCase-1] Locator was: {xpath=//*[@id="qProdOverlay"]//*[@class="productDesc"]}
2017-12-11 00:43:11.096 [ERROR] : [TestNG-method=runTestCase-1] Exception: no such element: Unable to locate element: {"method":"xpath","selector":"//*[@id="qProdOverlay"]//*[@class="productDesc"]"}
  (Session info: chrome=59.0.3071.115)
  (Driver info: chromedriver=2.30.477691 (6ee44a7247c639c0703f291d320bdf05c1531b57),platform=Linux 4.4.0-96-generic x86_64) (WARNING: The server did not provide any stacktrace information)
Command duration or timeout: 27 milliseconds
For documentation on this error, please visit: http://seleniumhq.org/exceptions/no_such_element.html
Build info: version: '3.4.0', revision: 'unknown', time: 'unknown'
System info: host: 'wchpilsgrid03', ip: '167.140.56.160', os.name: 'Linux', os.arch: 'amd64', os.version: '4.4.0-96-generic', java.version: '1.8.0_131'
Driver info: org.openqa.selenium.chrome.ChromeDriver
Capabilities [{applicationCacheEnabled=false, rotatable=false, mobileEmulationEnabled=false, networkConnectionEnabled=false, chrome={chromedriverVersion=2.30.477691 (6ee44a7247c639c0703f291d320bdf05c1531b57), userDataDir=/tmp/.org.chromium.Chromium.AT7Nvb}, takesHeapSnapshot=true, pageLoadStrategy=normal, databaseEnabled=false, handlesAlerts=true, hasTouchScreen=false, version=59.0.3071.115, platform=LINUX, browserConnectionEnabled=false, nativeEvents=true, acceptSslCerts=true, locationContextEnabled=true, webStorageEnabled=true, browserName=chrome, takesScreenshot=true, javascriptEnabled=true, cssSelectorsEnabled=true, unexpectedAlertBehaviour=}]
Session ID: 77a82a549c24c88afd0b937b9312a2b0
*** Element info: {Using=xpath, value=//*[@id="qProdOverlay"]//*[@class="productDesc"]}
Command duration or timeout: 415 milliseconds
2017-12-11 00:43:11.097 [ERROR] : [TestNG-method=runTestCase-1] 2: STOREVALUE-Text : Store the product name
2017-12-11 00:43:11.936 [INFO] : [TestNG-method=runTestCase-1] Report file generated: c:\seleniumframeworkplugin\testOutput\16\DetailReport\Fail_AEM_SLTV_Via_IROA_BuyBox_Elements_All_Geos_uk_chrome.html
