<html>
<head>
<title>TestNG:  PD_AEM_Shipping_and_Handling_Multi_Quantity_UK_only_uk_chrome</title>
<link href="../testng.css" rel="stylesheet" type="text/css" />
<link href="../my-testng.css" rel="stylesheet" type="text/css" />

<style type="text/css">
.log { display: none;} 
.stack-trace { display: none;} 
</style>
<script type="text/javascript">
<!--
function flip(e) {
  current = e.style.display;
  if (current == 'block') {
    e.style.display = 'none';
    return 0;
  }
  else {
    e.style.display = 'block';
    return 1;
  }
}

function toggleBox(szDivId, elem, msg1, msg2)
{
  var res = -1;  if (document.getElementById) {
    res = flip(document.getElementById(szDivId));
  }
  else if (document.all) {
    // this is the way old msie versions work
    res = flip(document.all[szDivId]);
  }
  if(elem) {
    if(res == 0) elem.innerHTML = msg1; else elem.innerHTML = msg2;
  }

}

function toggleAllBoxes() {
  if (document.getElementsByTagName) {
    d = document.getElementsByTagName('div');
    for (i = 0; i < d.length; i++) {
      if (d[i].className == 'log') {
        flip(d[i]);
      }
    }
  }
}

// -->
</script>

</head>
<body>
<h2 align='center'>PD_AEM_Shipping_and_Handling_Multi_Quantity_UK_only_uk_chrome</h2><table border='1' align="center">
<tr>
<td>Tests passed/Failed/Skipped:</td><td>0/1/0</td>
</tr><tr>
<td>Started on:</td><td>Mon Dec 11 00:50:16 EST 2017</td>
</tr>
<tr><td>Total time:</td><td>129 seconds (129942 ms)</td>
</tr><tr>
<td>Included groups:</td><td></td>
</tr><tr>
<td>Excluded groups:</td><td></td>
</tr>
</table><p/>
<small><i>(Hover the method name to see the test class name)</i></small><p/>
<table width='100%' border='1' class='invocation-failed'>
<tr><td colspan='4' align='center'><b>FAILED TESTS</b></td></tr>
<tr><td><b>Test method</b></td>
<td width="30%"><b>Exception</b></td>
<td width="10%"><b>Time (seconds)</b></td>
<td><b>Instance</b></td>
</tr>
<tr>
<td title='com.qvc.selenium.plugin.TestCase.runTestCase()'><b>runTestCase</b><br>Test class: com.qvc.selenium.plugin.TestCase (PD_AEM_Shipping_and_Handling_Multi_Quantity_UK_only_uk_chrome)<br/>
<a href="#Output-965037894" onClick='toggleBox("Output-965037894", this, "Show output", "Hide output");'>Show output</a>

<a href="#Output-965037894" onClick="toggleAllBoxes();">Show all outputs</a>
<div class='log' id="Output-965037894">
<div class=stepevent.level.toString()>Creating driver http://qloud:4444/wd/hub Capabilities [{proxy=Proxy(manual, ftp=wchwe21.qvc.com:80, http=wchwe21.qvc.com:80, ssl=wchwe21.qvc.com:80), honorSystemProxy=true, browserName=chrome, version=, platform=LINUX}]
</div><br/><br/>
<div class=stepevent.level.toString()>Go to URL &quot;qa.qvcuk.com&quot;
 Test module &quot;GotoUrl&quot;
</div><br/><br/>
<div class=stepevent.level.toString()>Nav to QVC
 Running action GoToUrl with data {url=http://qa.qvcuk.com}
</div><br/><br/>
<div class=stepevent.level.toString()>If have popup window
 Running action CheckForElements on cookiesBarCloseBtn [{xpath=//*[@id=&quot;alert-cookie-info-bar&quot;]//button[@class=&quot;close&quot;]}] with data {wait=2}
</div><br/><br/>
<div class=stepevent.level.toString()>Close it
 Running action Click on cookiesBarCloseBtn [{xpath=//*[@id=&quot;alert-cookie-info-bar&quot;]//button[@class=&quot;close&quot;]}]
</div><br/><br/>
<div class=stepevent.level.toString()>Wait util the object show up to make sure we switch to correct page
 Running action WaitUntilObjectExist on divHomepage [{id=pageContent}, {xpath=//*[@id='pageContent']}]
</div><br/><br/>
<div class=stepevent.level.toString()>Function Elapsed Time 0 min, 5 sec
</div><br/><br/>
<div class=stepevent.level.toString()>Search regular product
 Test module &quot;ByProductNum&quot;
</div><br/><br/>
<div class=stepevent.level.toString()>Wait until the search bar display
 Running action WaitUntilObjectExist on searchBox [{id=searchBoxField}, {id=txtMastheadSearch}] with data {wait=4}
</div><br/><br/>
<div class=stepevent.level.toString()>Enter item number
 Running action SendKeys on searchBox [{id=searchBoxField}, {id=txtMastheadSearch}] with data {text=589523}
</div><br/><br/>
<div class=stepevent.level.toString()>Click &quot;Search&quot; button
 Running action Click on goBtn [{id=btnMastheadSearch}]
</div><br/><br/>
<div class=stepevent.level.toString()>Close the cookies bar
 Running action CheckForElements on cookiesBarCloseBtn [{xpath=//*[@id=&quot;alert-cookie-info-bar&quot;]//button[@class=&quot;close&quot;]}]
</div><br/><br/>
<div class=stepevent.level.toString()>Function Elapsed Time 0 min, 14 sec
</div><br/><br/>
<div class=stepevent.level.toString()>Verify the Muti-quantity shipping discount message
 Test module &quot;VerifyMultiQuantityDiscount&quot;
</div><br/><br/>
<div class=stepevent.level.toString()>Wait until the object exists
 Running action WaitUntilObjectExist on productDetailHeader [{xpath=//*[@class=&quot;breadcrumb pageBreadcrumb&quot;]}] with data {wait=5}
</div><br/><br/>
<div class=stepevent.level.toString()>Verify the text of MQD message displays
 Running action VerifyExist on buyMoreSaveMoveText [{xpath=//*[@class=&quot;col-tn-12 col-xs-6 buyBoxQuantityInfo&quot;]}]
</div><br/><br/>
<div class=stepevent.level.toString()>Verify the text of MQD message
 Running action ContainsText on buyMoreSaveMoveText [{xpath=//*[@class=&quot;col-tn-12 col-xs-6 buyBoxQuantityInfo&quot;]}] with data {text=Half price P&amp;P on every additional item.}
</div><br/><br/>
<div class=stepevent.level.toString()>Verify the link of offer detail
 Running action VerifyExist on buyMoreSaveMoveOfferLink [{xpath=//*[@class=&quot;col-tn-12 col-xs-6 buyBoxQuantityInfo&quot;]//*[@class=&quot;arrow fancybox fancybox.ajax&quot;]}]
</div><br/><br/>
<div class=stepevent.level.toString()>Click the link of offer detail
 Running action Click on buyMoreSaveMoveOfferLink [{xpath=//*[@class=&quot;col-tn-12 col-xs-6 buyBoxQuantityInfo&quot;]//*[@class=&quot;arrow fancybox fancybox.ajax&quot;]}]
</div><br/><br/>
<div class=stepevent.level.toString()>Wait until the object exists
 Running action WaitUntilObjectExist on popupText [{xpath=//*[@class=&quot;fancybox-skin&quot;]//*[contains(@class,&quot;rich-text-editor&quot;)]}] with data {wait=5}
</div><br/><br/>
<div class=stepevent.level.toString()>Verfiy the popup text contain &quot;buy more save more&quot;
 Running action ContainsText on popupText [{xpath=//*[@class=&quot;fancybox-skin&quot;]//*[contains(@class,&quot;rich-text-editor&quot;)]}] with data {text=Buy More}
</div><br/><br/>
<div class=stepevent.level.toString()>Close the popup window
 Running action Click on popupClose [{xpath=//*[@class=&quot;fancybox-item fancybox-close&quot;]}]
</div><br/><br/>
<div class=stepevent.level.toString()>Function Elapsed Time 0 min, 12 sec
</div><br/><br/>
<div class=stepevent.level.toString()>Add the product to cart
 Test module &quot;AddToCart&quot;
</div><br/><br/>
<div class=stepevent.level.toString()>Verify we are at Product Detail page
 Running action ContainsText on productDetailHeader [{xpath=//*[@class=&quot;breadcrumb pageBreadcrumb&quot;]}] with data {text=Product Detail}
</div><br/><br/>
<div class=stepevent.level.toString()>Get the product number
 Running action Text on productNumbertxt [{xpath=//*[@class='itemNo']}] with data {storeas=productNumPD}
</div><br/><br/>
<div class=stepevent.level.toString()>Get the product price
 Running action Text on qVCRegularPrice [{xpath=//*[@class=&quot;price&quot;]}, {xpath=//*[@class=&quot;price priceSm&quot;]}, {xpath=//*[@class=&quot;productDetailPrice  price&quot;]}, {xpath=//*[contains(@class,&quot;productDetailPrice&quot;)][1]}] with data {storeas=productPrice}
</div><br/><br/>
<div class=stepevent.level.toString()>If have instock color
 Running action CheckForElements on FirstAvailableColorOption [{xpath=//*[@ats=&quot;Y&quot;]//*[@class=&quot;swatchBox selectOption&quot;][1]}, {xpath=//*[@class=&quot;buyBoxSelect buyBoxSelectColor&quot;]//*[@class=&quot;swatchBox selectOption&quot;]}]
</div><br/><br/>
<div class=stepevent.level.toString()>If have instock color
 Running action CheckForElements on FirstAvailableColor [{xpath=//*[@class=&quot;selectColor&quot; and @ats=&quot;Y&quot;][1]}, {xpath=//*[@ats=&quot;Y&quot;][1]/*[@class=&quot;swatchBox selectColor&quot;]}]
</div><br/><br/>
<div class=stepevent.level.toString()>If have instock size
 Running action CheckForElements on FirstAvailableSize [{xpath=//*[@class=&quot;selectSize&quot; and @ats=&quot;Y&quot;][1]}, {xpath=//*[@ats=&quot;Y&quot;][1]/*[@class=&quot;swatchBox selectSize&quot;]}]
</div><br/><br/>
<div class=stepevent.level.toString()>SELECT quantity
 Running action SendKeys on productQtyInputBox [{css=.productQuantity}] with data {text=1}
</div><br/><br/>
<div class=stepevent.level.toString()>Click &quot;Add to Basket&quot;
 Running action Click on addToCartbtn [{class=btnAddToCart}]
</div><br/><br/>
<div class=stepevent.level.toString()>If the item is waitlist
 Running action CheckForElements on waitlistConfirmation [{xpath=//span[text()='Waitlist confirmation']}]
</div><br/><br/>
<div class=stepevent.level.toString()>Function Elapsed Time 0 min, 26 sec
</div><br/><br/>
<div class=stepevent.level.toString()>Search product again
 Test module &quot;ByProductNum&quot;
</div><br/><br/>
<div class=stepevent.level.toString()>Wait until the search bar display
 Running action WaitUntilObjectExist on searchBox [{id=searchBoxField}, {id=txtMastheadSearch}] with data {wait=4}
</div><br/><br/>
<div class=stepevent.level.toString()>Enter item number
 Running action SendKeys on searchBox [{id=searchBoxField}, {id=txtMastheadSearch}] with data {text=589523}
</div><br/><br/>
<div class=stepevent.level.toString()>Click &quot;Search&quot; button
 Running action Click on goBtn [{id=btnMastheadSearch}]
</div><br/><br/>
<div class=stepevent.level.toString()>Close the cookies bar
 Running action CheckForElements on cookiesBarCloseBtn [{xpath=//*[@id=&quot;alert-cookie-info-bar&quot;]//button[@class=&quot;close&quot;]}]
</div><br/><br/>
<div class=stepevent.level.toString()>Function Elapsed Time 0 min, 13 sec
</div><br/><br/>
<div class=stepevent.level.toString()>Add the product to cart
 Test module &quot;AddToCart&quot;
</div><br/><br/>
<div class=stepevent.level.toString()>Verify we are at Product Detail page
 Running action ContainsText on productDetailHeader [{xpath=//*[@class=&quot;breadcrumb pageBreadcrumb&quot;]}] with data {text=Product Detail}
</div><br/><br/>
<div class=stepevent.level.toString()>Get the product number
 Running action Text on productNumbertxt [{xpath=//*[@class='itemNo']}] with data {storeas=productNumPD}
</div><br/><br/>
<div class=stepevent.level.toString()>Get the product price
 Running action Text on qVCRegularPrice [{xpath=//*[@class=&quot;price&quot;]}, {xpath=//*[@class=&quot;price priceSm&quot;]}, {xpath=//*[@class=&quot;productDetailPrice  price&quot;]}, {xpath=//*[contains(@class,&quot;productDetailPrice&quot;)][1]}] with data {storeas=productPrice}
</div><br/><br/>
<div class=stepevent.level.toString()>If have instock color
 Running action CheckForElements on FirstAvailableColorOption [{xpath=//*[@ats=&quot;Y&quot;]//*[@class=&quot;swatchBox selectOption&quot;][1]}, {xpath=//*[@class=&quot;buyBoxSelect buyBoxSelectColor&quot;]//*[@class=&quot;swatchBox selectOption&quot;]}]
</div><br/><br/>
<div class=stepevent.level.toString()>If have instock color
 Running action CheckForElements on FirstAvailableColor [{xpath=//*[@class=&quot;selectColor&quot; and @ats=&quot;Y&quot;][1]}, {xpath=//*[@ats=&quot;Y&quot;][1]/*[@class=&quot;swatchBox selectColor&quot;]}]
</div><br/><br/>
<div class=stepevent.level.toString()>If have instock size
 Running action CheckForElements on FirstAvailableSize [{xpath=//*[@class=&quot;selectSize&quot; and @ats=&quot;Y&quot;][1]}, {xpath=//*[@ats=&quot;Y&quot;][1]/*[@class=&quot;swatchBox selectSize&quot;]}]
</div><br/><br/>
<div class=stepevent.level.toString()>SELECT quantity
 Running action SendKeys on productQtyInputBox [{css=.productQuantity}] with data {text=1}
</div><br/><br/>
<div class=stepevent.level.toString()>Click &quot;Add to Basket&quot;
 Running action Click on addToCartbtn [{class=btnAddToCart}]
</div><br/><br/>
<div class=stepevent.level.toString()>If the item is waitlist
 Running action CheckForElements on waitlistConfirmation [{xpath=//span[text()='Waitlist confirmation']}]
</div><br/><br/>
<div class=stepevent.level.toString()>Function Elapsed Time 0 min, 23 sec
</div><br/><br/>
<div class=stepevent.level.toString()>Confirm add duplicate item
 Test module &quot;ClickYes&quot;
</div><br/><br/>
<div class=stepevent.level.toString()>Wait until the title display
 Running action WaitUntilObjectExist on Header [{id=divPageTitle}]
</div><br/><br/>
<div class=stepevent.level.toString()>Verify we are in duplicate item comfirm page
 Running action ContainsText on Header [{id=divPageTitle}] with data {text=Duplicate item}
</div><br/><br/>
<div class=stepevent.level.toString()>Click yes
 Running action Click on btnYes [{xpath=//*[@class='primaryButton']}]
</div><br/><br/>
<div class=stepevent.level.toString()>Wait until the title display
 Running action WaitUntilObjectExist on pageTitle [{id=divPageTitle}, {xpath=//*[@id='divPageTitle']/h1}, {xpath=//*[@class='breadcrumb pageBreadcrumb']}]
</div><br/><br/>
<div class=stepevent.level.toString()>Verify we are Shopping basket
 Running action ContainsText on pageTitle [{id=divPageTitle}, {xpath=//*[@id='divPageTitle']/h1}, {xpath=//*[@class='breadcrumb pageBreadcrumb']}] with data {text=Shopping basket}
</div><br/><br/>
<div class=stepevent.level.toString()>Function Elapsed Time 0 min, 2 sec
</div><br/><br/>
<div class=stepevent.level.toString()>Verify the Muti-quantity shipping discount message
 Test module &quot;VerifyMultiQuantityDiscount&quot;
</div><br/><br/>
<div class=stepevent.level.toString()>Veify we are at &quot;Product Detail&quot; page
 Running action ContainsText on pageTitle [{id=divPageTitle}, {xpath=//*[@id='divPageTitle']/h1}, {xpath=//*[@class='breadcrumb pageBreadcrumb']}] with data {text=Shopping basket}
</div><br/><br/>
<div class=stepevent.level.toString()>Running action VerifyExist on MultiQuantityShippingDiscount [{xpath=//div[@class='divProduct']//td[@class='tdCurrency'][2]}]
</div><br/><br/>
<div class=stepevent.level.toString()>Running action ContainsText on MultiQuantityShippingDiscount [{xpath=//div[@class='divProduct']//td[@class='tdCurrency'][2]}] with data {text=saved}
</div><br/><br/>
<div class=stepevent.level.toString()>Function Elapsed Time 0 min, 0 sec
</div><br/><br/>
<div class=stepevent.level.toString()>Click &quot;Check Out&quot;
 Test module &quot;CheckOut&quot;
</div><br/><br/>
<div class=stepevent.level.toString()>Veify we are at &quot;Shopping basket&quot; page
 Running action ContainsText on pageTitle [{id=divPageTitle}, {xpath=//*[@id='divPageTitle']/h1}, {xpath=//*[@class='breadcrumb pageBreadcrumb']}] with data {text=Shopping basket}
</div><br/><br/>
<div class=stepevent.level.toString()>Click &quot;Checkout&quot;
 Running action Click on checkoutBtn [{xpath=//*[@class=&quot;divProductButtons&quot;]//*[@value=&quot;Checkout&quot;][1]}]
</div><br/><br/>
<div class=stepevent.level.toString()>Function Elapsed Time 0 min, 2 sec
</div><br/><br/>
<div class=stepevent.level.toString()>Sign in
 Test module &quot;ByEmail&quot;
</div><br/><br/>
<div class=stepevent.level.toString()>Wait until the object exist
 Running action WaitUntilObjectExist on signInHeader [{id=divPageTitle}] with data {wait=10}
</div><br/><br/>
<div class=stepevent.level.toString()>Veify we are at &quot;Sign In&quot; page
 Running action ContainsText on signInHeader [{id=divPageTitle}] with data {text=Sign In}
</div><br/><br/>
<div class=stepevent.level.toString()>Input email address
 Running action SendKeys on emailAddressTextbox [{id=txtEmailAddress}, {name=logonId}] with data {text=a123456lt@qvc.com}
</div><br/><br/>
<div class=stepevent.level.toString()>Input password
 Running action SendKeys on passwordTextbox [{id=txtPassword}, {name=logonPassword}] with data {text=Aa123456}
</div><br/><br/>
<div class=stepevent.level.toString()>Click &quot;Sign in&quot;
 Running action Click on loginBtn [{id=btnSignIn}]
</div><br/><br/>
<div class=stepevent.level.toString()>Function Elapsed Time 0 min, 14 sec
</div><br/><br/>
<div class=stepevent.level.toString()>Use default address
 Test module &quot;UseCurrent&quot;
</div><br/><br/>
<div class=stepevent.level.toString()>Veify we are at &quot;Ship-To Address&quot; page
 Running action ContainsText on pageTitle [{id=divPageTitle}, {xpath=//*[@id='divPageTitle']/h1}, {xpath=//*[@class='breadcrumb pageBreadcrumb']}] with data {text=Delivery address}
</div><br/><br/>
<div class=stepevent.level.toString()>Click &quot;Contine&quot;
 Running action Click on continuebtn [{id=btnContinueAddressBook}]
</div><br/><br/>
<div class=stepevent.level.toString()>Locator was: {id=btnContinueAddressBook}
</div><br/><br/>
<div class=stepevent.level.toString()>Report file generated: c:\seleniumframeworkplugin\testOutput\16\DetailReport\ReRun\Fail_PD_AEM_Shipping_and_Handling_Multi_Quantity_UK_only_uk_chrome.html
</div><br/><br/>
</div>
</td>
<td><div><pre>org.openqa.selenium.NoSuchElementException: no such element: Unable to locate element: {&quot;method&quot;:&quot;id&quot;,&quot;selector&quot;:&quot;btnContinueAddressBook&quot;}
  (Session info: chrome=59.0.3071.115)
  (Driver info: chromedriver=2.30.477691 (6ee44a7247c639c0703f291d320bdf05c1531b57),platform=Linux 4.4.0-96-generic x86_64) (WARNING: The server did not provide any stacktrace information)
Command duration or timeout: 26 milliseconds
For documentation on this error, please visit: http://seleniumhq.org/exceptions/no_such_element.html
Build info: version: &apos;3.4.0&apos;, revision: &apos;unknown&apos;, time: &apos;unknown&apos;
System info: host: &apos;wchpilsgrid04&apos;, ip: &apos;167.140.56.169&apos;, os.name: &apos;Linux&apos;, os.arch: &apos;amd64&apos;, os.version: &apos;4.4.0-96-generic&apos;, java.version: &apos;1.8.0_131&apos;
Driver info: org.openqa.selenium.chrome.ChromeDriver
Capabilities [{applicationCacheEnabled=false, rotatable=false, mobileEmulationEnabled=false, networkConnectionEnabled=false, chrome={chromedriverVersion=2.30.477691 (6ee44a7247c639c0703f291d320bdf05c1531b57), userDataDir=/tmp/.org.chromium.Chromium.cXEpeT}, takesHeapSnapshot=true, pageLoadStrategy=normal, databaseEnabled=false, handlesAlerts=true, hasTouchScreen=false, version=59.0.3071.115, platform=LINUX, browserConnectionEnabled=false, nativeEvents=true, acceptSslCerts=true, locationContextEnabled=true, webStorageEnabled=true, browserName=chrome, takesScreenshot=true, javascriptEnabled=true, cssSelectorsEnabled=true, unexpectedAlertBehaviour=}]
Session ID: d5e4c47490badf11069d67981f7c372a
*** Element info: {Using=id, value=btnContinueAddressBook}
Command duration or timeout: 331 milliseconds
	at org.openqa.selenium.remote.ErrorHandler.createThrowable(ErrorHandler.java:215)
	at org.openqa.selenium.remote.ErrorHandler.throwIfResponseFailed(ErrorHandler.java:167)
	at org.openqa.selenium.remote.RemoteWebDriver.execute(RemoteWebDriver.java:671)
	at org.openqa.selenium.remote.RemoteWebDriver.findElement(RemoteWebDriver.java:410)
	at org.openqa.selenium.remote.RemoteWebDriver.findElementById(RemoteWebDriver.java:453)
	at org.openqa.selenium.By$ById.findElement(By.java:218)
	at org.openqa.selenium.remote.RemoteWebDriver.findElement(RemoteWebDriver.java:402)
	at com.qvc.selenium.data.PageObject.findElement(PageObject.java:130)
	at com.qvc.selenium.data.PageObject.getWebElement(PageObject.java:210)
	at com.qvc.selenium.actions.BaseAction.getWebElement(BaseAction.java:154)
	at com.qvc.selenium.actions.BaseAction.getWebElement(BaseAction.java:140)
	at com.qvc.selenium.actions.ClickAction.runAction(ClickAction.java:40)
	at com.qvc.selenium.steps.TestStep.run(TestStep.java:217)
	at com.qvc.selenium.plugin.TestModule.runTestFlow(TestModule.java:92)
	at com.qvc.selenium.plugin.TestModule.runTestFlow(TestModule.java:62)
	at com.qvc.selenium.steps.FunctionTestStep.run(FunctionTestStep.java:85)
	at com.qvc.selenium.plugin.TestModule.runTestFlow(TestModule.java:92)
	at com.qvc.selenium.plugin.TestCase.runTestCase(TestCase.java:92)
	at java.util.concurrent.Executors$RunnableAdapter.call(Executors.java:511)
	at java.util.concurrent.FutureTask.run(FutureTask.java:266)
	at java.util.concurrent.ThreadPoolExecutor.runWorker(ThreadPoolExecutor.java:1149)
	at java.util.concurrent.ThreadPoolExecutor$Worker.run(ThreadPoolExecutor.java:624)
	at java.lang.Thread.run(Thread.java:748)
Caused by: org.openqa.selenium.remote.ScreenshotException: Screen shot has been taken
	at org.openqa.selenium.remote.ErrorHandler.throwIfResponseFailed(ErrorHandler.java:141)
	... 27 more
Caused by: org.openqa.selenium.NoSuchElementException: no such element: Unable to locate element: {&quot;method&quot;:&quot;id&quot;,&quot;selector&quot;:&quot;btnContinueAddressBook&quot;}
  (Session info: chrome=59.0.3071.115)
  (Driver info: chromedriver=2.30.477691 (6ee44a7247c639c0703f291d320bdf05c1531b57),platform=Linux 4.4.0-96-generic x86_64) (WARNING: The server did not provide any stacktrace information)
Command duration or timeout: 26 milliseconds
For documentation on this error, please visit: http://seleniumhq.org/exceptions/no_such_element.html
Build info: version: &apos;3.4.0&apos;, revision: &apos;unknown&apos;, time: &apos;unknown&apos;
System info: host: &apos;wchpilsgrid04&apos;, ip: &apos;167.140.56.169&apos;, os.name: &apos;Linux&apos;, os.arch: &apos;amd64&apos;, os.version: &apos;4.4.0-96-generic&apos;, java.version: &apos;1.8.0_131&apos;
Driver info: org.openqa.selenium.chrome.ChromeDriver
Capabilities [{applicationCacheEnabled=false, rotatable=false, mobileEmulationEnabled=false, networkConnectionEnabled=false, chrome={chromedriverVersion=2.30.477691 (6ee44a7247c639c0703f291d320bdf05c1531b57), userDataDir=/tmp/.org.chromium.Chromium.cXEpeT}, takesHeapSnapshot=true, pageLoadStrategy=normal, databaseEnabled=false, handlesAlerts=true, hasTouchScreen=false, version=59.0.3071.115, platform=LINUX, browserConnectionEnabled=false, nativeEvents=true, acceptSslCerts=true, locationContextEnabled=true, webStorageEnabled=true, browserName=chrome, takesScreenshot=true, javascriptEnabled=true, cssSelectorsEnabled=true, unexpectedAlertBehaviour=}]
Session ID: d5e4c47490badf11069d67981f7c372a
*** Element info: {Using=id, value=btnContinueAddressBook}
For documentation on this error, please visit: http://seleniumhq.org/exceptions/no_such_element.html
Build info: version: &apos;3.4.0&apos;, revision: &apos;unknown&apos;, time: &apos;unknown&apos;
System info: host: &apos;QUFT12011&apos;, ip: &apos;10.14.18.72&apos;, os.name: &apos;Windows 7&apos;, os.arch: &apos;amd64&apos;, os.version: &apos;6.1&apos;, java.version: &apos;1.8.0_151&apos;
Driver info: driver.version: EventFiringWebDriver
	at org.openqa.selenium.remote.ErrorHandler.createThrowable(ErrorHandler.java:215)
	at org.openqa.selenium.remote.ErrorHandler.throwIfResponseFailed(ErrorHandler.java:167)
	at org.openqa.selenium.remote.RemoteWebDriver.execute(RemoteWebDriver.java:671)
	at org.openqa.selenium.remote.RemoteWebDriver.findElement(RemoteWebDriver.java:410)
	at org.openqa.selenium.remote.RemoteWebDriver.findElementById(RemoteWebDriver.java:453)
	at org.openqa.selenium.By$ById.findElement(By.java:218)
	at org.openqa.selenium.remote.RemoteWebDriver.findElement(RemoteWebDriver.java:402)
	at org.openqa.selenium.support.events.EventFiringWebDriver$2.invoke(EventFiringWebDriver.java:104)
	at com.sun.proxy.$Proxy6.findElement(Unknown Source)
	at org.openqa.selenium.support.events.EventFiringWebDriver.findElement(EventFiringWebDriver.java:188)
	at org.openqa.selenium.remote.server.handler.FindElement.call(FindElement.java:48)
	at org.openqa.selenium.remote.server.handler.FindElement.call(FindElement.java:33)
	at java.util.concurrent.FutureTask.run(FutureTask.java:266)
	at org.openqa.selenium.remote.server.DefaultSession$1.run(DefaultSession.java:176)
	at java.util.concurrent.ThreadPoolExecutor.runWorker(ThreadPoolExecutor.java:1142)
	at java.util.concurrent.ThreadPoolExecutor$Worker.run(ThreadPoolExecutor.java:617)
	... 1 more
... Removed 15 stack frames</pre></div><a href='#' onClick='toggleBox("stack-trace965037894", this, "Click to show all stack frames", "Click to hide stack frames")'>Click to show all stack frames</a>
<div class='stack-trace' id='stack-trace965037894'><pre>org.openqa.selenium.NoSuchElementException: no such element: Unable to locate element: {&quot;method&quot;:&quot;id&quot;,&quot;selector&quot;:&quot;btnContinueAddressBook&quot;}
  (Session info: chrome=59.0.3071.115)
  (Driver info: chromedriver=2.30.477691 (6ee44a7247c639c0703f291d320bdf05c1531b57),platform=Linux 4.4.0-96-generic x86_64) (WARNING: The server did not provide any stacktrace information)
Command duration or timeout: 26 milliseconds
For documentation on this error, please visit: http://seleniumhq.org/exceptions/no_such_element.html
Build info: version: &apos;3.4.0&apos;, revision: &apos;unknown&apos;, time: &apos;unknown&apos;
System info: host: &apos;wchpilsgrid04&apos;, ip: &apos;167.140.56.169&apos;, os.name: &apos;Linux&apos;, os.arch: &apos;amd64&apos;, os.version: &apos;4.4.0-96-generic&apos;, java.version: &apos;1.8.0_131&apos;
Driver info: org.openqa.selenium.chrome.ChromeDriver
Capabilities [{applicationCacheEnabled=false, rotatable=false, mobileEmulationEnabled=false, networkConnectionEnabled=false, chrome={chromedriverVersion=2.30.477691 (6ee44a7247c639c0703f291d320bdf05c1531b57), userDataDir=/tmp/.org.chromium.Chromium.cXEpeT}, takesHeapSnapshot=true, pageLoadStrategy=normal, databaseEnabled=false, handlesAlerts=true, hasTouchScreen=false, version=59.0.3071.115, platform=LINUX, browserConnectionEnabled=false, nativeEvents=true, acceptSslCerts=true, locationContextEnabled=true, webStorageEnabled=true, browserName=chrome, takesScreenshot=true, javascriptEnabled=true, cssSelectorsEnabled=true, unexpectedAlertBehaviour=}]
Session ID: d5e4c47490badf11069d67981f7c372a
*** Element info: {Using=id, value=btnContinueAddressBook}
Command duration or timeout: 331 milliseconds
	at sun.reflect.GeneratedConstructorAccessor68.newInstance(Unknown Source)
	at sun.reflect.DelegatingConstructorAccessorImpl.newInstance(DelegatingConstructorAccessorImpl.java:45)
	at java.lang.reflect.Constructor.newInstance(Constructor.java:423)
	at org.openqa.selenium.remote.ErrorHandler.createThrowable(ErrorHandler.java:215)
	at org.openqa.selenium.remote.ErrorHandler.throwIfResponseFailed(ErrorHandler.java:167)
	at org.openqa.selenium.remote.RemoteWebDriver.execute(RemoteWebDriver.java:671)
	at org.openqa.selenium.remote.RemoteWebDriver.findElement(RemoteWebDriver.java:410)
	at org.openqa.selenium.remote.RemoteWebDriver.findElementById(RemoteWebDriver.java:453)
	at org.openqa.selenium.By$ById.findElement(By.java:218)
	at org.openqa.selenium.remote.RemoteWebDriver.findElement(RemoteWebDriver.java:402)
	at com.qvc.selenium.data.PageObject.findElement(PageObject.java:130)
	at com.qvc.selenium.data.PageObject.getWebElement(PageObject.java:210)
	at com.qvc.selenium.actions.BaseAction.getWebElement(BaseAction.java:154)
	at com.qvc.selenium.actions.BaseAction.getWebElement(BaseAction.java:140)
	at com.qvc.selenium.actions.ClickAction.runAction(ClickAction.java:40)
	at com.qvc.selenium.steps.TestStep.run(TestStep.java:217)
	at com.qvc.selenium.plugin.TestModule.runTestFlow(TestModule.java:92)
	at com.qvc.selenium.plugin.TestModule.runTestFlow(TestModule.java:62)
	at com.qvc.selenium.steps.FunctionTestStep.run(FunctionTestStep.java:85)
	at com.qvc.selenium.plugin.TestModule.runTestFlow(TestModule.java:92)
	at com.qvc.selenium.plugin.TestCase.runTestCase(TestCase.java:92)
	at sun.reflect.GeneratedMethodAccessor20.invoke(Unknown Source)
	at sun.reflect.DelegatingMethodAccessorImpl.invoke(DelegatingMethodAccessorImpl.java:43)
	at java.lang.reflect.Method.invoke(Method.java:498)
	at org.testng.internal.MethodInvocationHelper.invokeMethod(MethodInvocationHelper.java:108)
	at org.testng.internal.InvokeMethodRunnable.runOne(InvokeMethodRunnable.java:54)
	at org.testng.internal.InvokeMethodRunnable.run(InvokeMethodRunnable.java:44)
	at java.util.concurrent.Executors$RunnableAdapter.call(Executors.java:511)
	at java.util.concurrent.FutureTask.run(FutureTask.java:266)
	at java.util.concurrent.ThreadPoolExecutor.runWorker(ThreadPoolExecutor.java:1149)
	at java.util.concurrent.ThreadPoolExecutor$Worker.run(ThreadPoolExecutor.java:624)
	at java.lang.Thread.run(Thread.java:748)
Caused by: org.openqa.selenium.remote.ScreenshotException: Screen shot has been taken
	at org.openqa.selenium.remote.ErrorHandler.throwIfResponseFailed(ErrorHandler.java:141)
	... 27 more
Caused by: org.openqa.selenium.NoSuchElementException: no such element: Unable to locate element: {&quot;method&quot;:&quot;id&quot;,&quot;selector&quot;:&quot;btnContinueAddressBook&quot;}
  (Session info: chrome=59.0.3071.115)
  (Driver info: chromedriver=2.30.477691 (6ee44a7247c639c0703f291d320bdf05c1531b57),platform=Linux 4.4.0-96-generic x86_64) (WARNING: The server did not provide any stacktrace information)
Command duration or timeout: 26 milliseconds
For documentation on this error, please visit: http://seleniumhq.org/exceptions/no_such_element.html
Build info: version: &apos;3.4.0&apos;, revision: &apos;unknown&apos;, time: &apos;unknown&apos;
System info: host: &apos;wchpilsgrid04&apos;, ip: &apos;167.140.56.169&apos;, os.name: &apos;Linux&apos;, os.arch: &apos;amd64&apos;, os.version: &apos;4.4.0-96-generic&apos;, java.version: &apos;1.8.0_131&apos;
Driver info: org.openqa.selenium.chrome.ChromeDriver
Capabilities [{applicationCacheEnabled=false, rotatable=false, mobileEmulationEnabled=false, networkConnectionEnabled=false, chrome={chromedriverVersion=2.30.477691 (6ee44a7247c639c0703f291d320bdf05c1531b57), userDataDir=/tmp/.org.chromium.Chromium.cXEpeT}, takesHeapSnapshot=true, pageLoadStrategy=normal, databaseEnabled=false, handlesAlerts=true, hasTouchScreen=false, version=59.0.3071.115, platform=LINUX, browserConnectionEnabled=false, nativeEvents=true, acceptSslCerts=true, locationContextEnabled=true, webStorageEnabled=true, browserName=chrome, takesScreenshot=true, javascriptEnabled=true, cssSelectorsEnabled=true, unexpectedAlertBehaviour=}]
Session ID: d5e4c47490badf11069d67981f7c372a
*** Element info: {Using=id, value=btnContinueAddressBook}
For documentation on this error, please visit: http://seleniumhq.org/exceptions/no_such_element.html
Build info: version: &apos;3.4.0&apos;, revision: &apos;unknown&apos;, time: &apos;unknown&apos;
System info: host: &apos;QUFT12011&apos;, ip: &apos;10.14.18.72&apos;, os.name: &apos;Windows 7&apos;, os.arch: &apos;amd64&apos;, os.version: &apos;6.1&apos;, java.version: &apos;1.8.0_151&apos;
Driver info: driver.version: EventFiringWebDriver
	at sun.reflect.GeneratedConstructorAccessor24.newInstance(Unknown Source)
	at sun.reflect.DelegatingConstructorAccessorImpl.newInstance(DelegatingConstructorAccessorImpl.java:45)
	at java.lang.reflect.Constructor.newInstance(Constructor.java:423)
	at org.openqa.selenium.remote.ErrorHandler.createThrowable(ErrorHandler.java:215)
	at org.openqa.selenium.remote.ErrorHandler.throwIfResponseFailed(ErrorHandler.java:167)
	at org.openqa.selenium.remote.RemoteWebDriver.execute(RemoteWebDriver.java:671)
	at org.openqa.selenium.remote.RemoteWebDriver.findElement(RemoteWebDriver.java:410)
	at org.openqa.selenium.remote.RemoteWebDriver.findElementById(RemoteWebDriver.java:453)
	at org.openqa.selenium.By$ById.findElement(By.java:218)
	at org.openqa.selenium.remote.RemoteWebDriver.findElement(RemoteWebDriver.java:402)
	at sun.reflect.GeneratedMethodAccessor11.invoke(Unknown Source)
	at sun.reflect.DelegatingMethodAccessorImpl.invoke(DelegatingMethodAccessorImpl.java:43)
	at java.lang.reflect.Method.invoke(Method.java:498)
	at org.openqa.selenium.support.events.EventFiringWebDriver$2.invoke(EventFiringWebDriver.java:104)
	at com.sun.proxy.$Proxy6.findElement(Unknown Source)
	at org.openqa.selenium.support.events.EventFiringWebDriver.findElement(EventFiringWebDriver.java:188)
	at org.openqa.selenium.remote.server.handler.FindElement.call(FindElement.java:48)
	at org.openqa.selenium.remote.server.handler.FindElement.call(FindElement.java:33)
	at java.util.concurrent.FutureTask.run(FutureTask.java:266)
	at org.openqa.selenium.remote.server.DefaultSession$1.run(DefaultSession.java:176)
	at java.util.concurrent.ThreadPoolExecutor.runWorker(ThreadPoolExecutor.java:1142)
	at java.util.concurrent.ThreadPoolExecutor$Worker.run(ThreadPoolExecutor.java:617)
	... 1 more
</pre></div></td>
<td>129</td>
<td>com.qvc.selenium.plugin.TestCase@6be77203</td></tr>
</table><p>
</body>
</html>