2017-12-11 00:50:16.023 [INFO] : [TestNG-method=runTestCase-1] Creating driver http://qloud:4444/wd/hub Capabilities [{proxy=Proxy(manual, ftp=wchwe21.qvc.com:80, http=wchwe21.qvc.com:80, ssl=wchwe21.qvc.com:80), honorSystemProxy=true, browserName=chrome, version=, platform=LINUX}]
2017-12-11 00:50:17.215 [INFO] : [TestNG-method=runTestCase-1] Navigate to qa.qvcuk.com
 Test module "GotoUrl"
2017-12-11 00:50:17.216 [INFO] : [TestNG-method=runTestCase-1] Nav to QVC
 Running action GoToUrl with data {url=http://qa.qvcuk.com}
2017-12-11 00:50:20.059 [INFO] : [TestNG-method=runTestCase-1] If have popup window
 Running action CheckForElements on cookiesBarCloseBtn [{xpath=//*[@id="alert-cookie-info-bar"]//button[@class="close"]}] with data {wait=2}
2017-12-11 00:50:22.007 [INFO] : [TestNG-method=runTestCase-1] Close it
 Running action Click on cookiesBarCloseBtn [{xpath=//*[@id="alert-cookie-info-bar"]//button[@class="close"]}]
2017-12-11 00:50:22.190 [INFO] : [TestNG-method=runTestCase-1] Wait util the object show up to make sure we switch to correct page
 Running action WaitUntilObjectExist on divHomepage [{id=pageContent}, {xpath=//*[@id='pageContent']}]
2017-12-11 00:50:22.960 [INFO] : [TestNG-method=runTestCase-1] Function Elapsed Time 0 min, 5 sec
2017-12-11 00:50:22.961 [INFO] : [TestNG-method=runTestCase-1] Navigate to watch tv live
 Test module "NavToWatchTVLive"
2017-12-11 00:50:22.962 [INFO] : [TestNG-method=runTestCase-1] Hover the "Shop QVC TV" menu
 Running action MouseEvent on ShopQVCTVlink [{xpath=//*[@class="shopQVCTV"]/a[@aria-label="Shop QVC TV"]}, {xpath=//div[@id="mastTierTwo"]//a[text()="Shop QVC TV"]}] with data {mouseaction=mouseover}
2017-12-11 00:50:23.175 [INFO] : [TestNG-method=runTestCase-1] Click "Watch QVC TV" link
 Running action Click on watchQVCTVLink [{xpath=//*[@class="shopTVDropDown"]//*[@title="Watch QVC TV"]}, {xpath=//*[@class="qvctv visible-desktop"]//a[text()="Watch QVC TV"]}]
2017-12-11 00:50:24.890 [INFO] : [TestNG-method=runTestCase-1] Wait until the object show up to make sure we are switch to correct page
 Running action WaitUntilObjectExist on TVHeader [{class=active}]
2017-12-11 00:50:25.075 [INFO] : [TestNG-method=runTestCase-1] Verify that we are at live channel page
 Running action ContainsText on TVHeader [{class=active}] with data {text=QVC UK – Watch Live}
2017-12-11 00:50:25.276 [INFO] : [TestNG-method=runTestCase-1] Function Elapsed Time 0 min, 2 sec
2017-12-11 00:50:25.276 [INFO] : [TestNG-method=runTestCase-1] Verify the elements in the buy box in the live channel
 Test module "VerifyBuyBoxElements"
2017-12-11 00:50:25.276 [INFO] : [TestNG-method=runTestCase-1] Verify the buy box layer exist
 Running action VerifyExist on buyBoxLayerIOA [{id=qProdOverlay}]
2017-12-11 00:50:25.390 [INFO] : [TestNG-method=runTestCase-1] Object not displayed, reload the object - buyBoxLayerIOA
2017-12-11 00:50:26.458 [INFO] : [TestNG-method=runTestCase-1] Object not displayed, reload the object - buyBoxLayerIOA
2017-12-11 00:50:27.523 [INFO] : [TestNG-method=runTestCase-1] Object not displayed, reload the object - buyBoxLayerIOA
2017-12-11 00:50:28.590 [INFO] : [TestNG-method=runTestCase-1] Object not displayed, reload the object - buyBoxLayerIOA
2017-12-11 00:50:29.675 [INFO] : [TestNG-method=runTestCase-1] Object not displayed, reload the object - buyBoxLayerIOA
2017-12-11 00:50:30.690 [INFO] : [TestNG-method=runTestCase-1] Locator was: {xpath=//*[@id="qProdOverlay"]//*[@class="productDesc"]}
2017-12-11 00:50:30.690 [ERROR] : [TestNG-method=runTestCase-1] 
2017-12-11 00:50:31.043 [INFO] : [TestNG-method=runTestCase-1] Verify the product name of the buy box exist
 Running action VerifyExist on IOAProductName [{xpath=//*[@id="qProdOverlay"]//*[@class="productDesc"]}]
2017-12-11 00:50:36.727 [INFO] : [TestNG-method=runTestCase-1] Locator was: {xpath=//*[@id="qProdOverlay"]//*[@class="productDesc"]}
2017-12-11 00:50:36.743 [ERROR] : [TestNG-method=runTestCase-1] Exception: no such element: Unable to locate element: {"method":"xpath","selector":"//*[@id="qProdOverlay"]//*[@class="productDesc"]"}
  (Session info: chrome=59.0.3071.115)
  (Driver info: chromedriver=2.30.477691 (6ee44a7247c639c0703f291d320bdf05c1531b57),platform=Linux 4.4.0-96-generic x86_64) (WARNING: The server did not provide any stacktrace information)
Command duration or timeout: 18 milliseconds
For documentation on this error, please visit: http://seleniumhq.org/exceptions/no_such_element.html
Build info: version: '3.4.0', revision: 'unknown', time: 'unknown'
System info: host: 'wchpilsgrid03', ip: '167.140.56.160', os.name: 'Linux', os.arch: 'amd64', os.version: '4.4.0-96-generic', java.version: '1.8.0_131'
Driver info: org.openqa.selenium.chrome.ChromeDriver
Capabilities [{applicationCacheEnabled=false, rotatable=false, mobileEmulationEnabled=false, networkConnectionEnabled=false, chrome={chromedriverVersion=2.30.477691 (6ee44a7247c639c0703f291d320bdf05c1531b57), userDataDir=/tmp/.org.chromium.Chromium.lyOQZC}, takesHeapSnapshot=true, pageLoadStrategy=normal, databaseEnabled=false, handlesAlerts=true, hasTouchScreen=false, version=59.0.3071.115, platform=LINUX, browserConnectionEnabled=false, nativeEvents=true, acceptSslCerts=true, locationContextEnabled=true, webStorageEnabled=true, browserName=chrome, takesScreenshot=true, javascriptEnabled=true, cssSelectorsEnabled=true, unexpectedAlertBehaviour=}]
Session ID: c4e27d7a16f322dc38ba113eeb0e820b
*** Element info: {Using=xpath, value=//*[@id="qProdOverlay"]//*[@class="productDesc"]}
Command duration or timeout: 439 milliseconds
2017-12-11 00:50:37.234 [INFO] : [TestNG-method=runTestCase-1] Store the product name
 Running action Text on IOAProductName [{xpath=//*[@id="qProdOverlay"]//*[@class="productDesc"]}] with data {storeas=ProductName}
2017-12-11 00:50:48.542 [INFO] : [TestNG-method=runTestCase-1] Locator was: {xpath=//*[@id="qProdOverlay"]//*[@class="productDesc"]}
2017-12-11 00:50:48.542 [ERROR] : [TestNG-method=runTestCase-1] Exception: no such element: Unable to locate element: {"method":"xpath","selector":"//*[@id="qProdOverlay"]//*[@class="productDesc"]"}
  (Session info: chrome=59.0.3071.115)
  (Driver info: chromedriver=2.30.477691 (6ee44a7247c639c0703f291d320bdf05c1531b57),platform=Linux 4.4.0-96-generic x86_64) (WARNING: The server did not provide any stacktrace information)
Command duration or timeout: 24 milliseconds
For documentation on this error, please visit: http://seleniumhq.org/exceptions/no_such_element.html
Build info: version: '3.4.0', revision: 'unknown', time: 'unknown'
System info: host: 'wchpilsgrid03', ip: '167.140.56.160', os.name: 'Linux', os.arch: 'amd64', os.version: '4.4.0-96-generic', java.version: '1.8.0_131'
Driver info: org.openqa.selenium.chrome.ChromeDriver
Capabilities [{applicationCacheEnabled=false, rotatable=false, mobileEmulationEnabled=false, networkConnectionEnabled=false, chrome={chromedriverVersion=2.30.477691 (6ee44a7247c639c0703f291d320bdf05c1531b57), userDataDir=/tmp/.org.chromium.Chromium.lyOQZC}, takesHeapSnapshot=true, pageLoadStrategy=normal, databaseEnabled=false, handlesAlerts=true, hasTouchScreen=false, version=59.0.3071.115, platform=LINUX, browserConnectionEnabled=false, nativeEvents=true, acceptSslCerts=true, locationContextEnabled=true, webStorageEnabled=true, browserName=chrome, takesScreenshot=true, javascriptEnabled=true, cssSelectorsEnabled=true, unexpectedAlertBehaviour=}]
Session ID: c4e27d7a16f322dc38ba113eeb0e820b
*** Element info: {Using=xpath, value=//*[@id="qProdOverlay"]//*[@class="productDesc"]}
Command duration or timeout: 429 milliseconds
2017-12-11 00:50:48.542 [ERROR] : [TestNG-method=runTestCase-1] 2: STOREVALUE-Text : Store the product name
2017-12-11 00:50:49.375 [INFO] : [TestNG-method=runTestCase-1] Report file generated: c:\seleniumframeworkplugin\testOutput\16\DetailReport\ReRun\Fail_AEM_SLTV_BuyBox_Shop_Now_AddToCart_All_Geos_uk_chrome.html
